2022-11-16T14:08:52+00:00 CRITICAL syntax error, unexpected '<' in /var/www/html/wp-content/themes/twentytwenty-child/functions.php on line 19

2022-11-16T14:09:23+00:00 CRITICAL syntax error, unexpected '<' in /var/www/html/wp-content/themes/twentytwenty-child/functions.php on line 20

2022-11-16T14:09:47+00:00 CRITICAL syntax error, unexpected end of file in /var/www/html/wp-content/themes/twentytwenty-child/functions.php on line 22

2022-11-16T14:54:17+00:00 CRITICAL Uncaught Error: Call to a member function get_sku() on null in /var/www/html/wp-content/themes/twentytwenty-child/functions.php:18
Stack trace:
#0 /var/www/html/wp-includes/class-wp-hook.php(310): wp_woocommerce_add_sku_under_product_title(Array)
#1 /var/www/html/wp-includes/class-wp-hook.php(332): WP_Hook->apply_filters('', Array)
#2 /var/www/html/wp-includes/plugin.php(517): WP_Hook->do_action(Array)
#3 /var/www/html/wp-content/plugins/woocommerce/templates/cart/cart.php(85): do_action('woocommerce_aft...', Array, '985487f03f72549...')
#4 /var/www/html/wp-content/plugins/woocommerce/includes/wc-core-functions.php(345): include('/var/www/html/w...')
#5 /var/www/html/wp-content/plugins/woocommerce/includes/shortcodes/class-wc-shortcode-cart.php(99): wc_get_template('cart/cart.php')
#6 /var/www/html/wp-content/plugins/woocommerce/includes/class-wc-shortcodes.php(72): WC_Shortcode_Cart::output(Array)
#7 /var/www/html/wp-content/plugins/woocommerce/includes/class-wc-shortcodes.php(85): WC_Shortcodes::shortcode_w in /var/www/html/wp-content/themes/twentytwenty-child/functions.php on line 18

2022-11-16T14:54:30+00:00 CRITICAL Uncaught Error: Call to a member function get_sku() on null in /var/www/html/wp-content/themes/twentytwenty-child/functions.php:18
Stack trace:
#0 /var/www/html/wp-includes/class-wp-hook.php(310): wp_woocommerce_add_sku_under_product_title(Array)
#1 /var/www/html/wp-includes/class-wp-hook.php(332): WP_Hook->apply_filters('', Array)
#2 /var/www/html/wp-includes/plugin.php(517): WP_Hook->do_action(Array)
#3 /var/www/html/wp-content/plugins/woocommerce/templates/cart/cart.php(85): do_action('woocommerce_aft...', Array, '985487f03f72549...')
#4 /var/www/html/wp-content/plugins/woocommerce/includes/wc-core-functions.php(345): include('/var/www/html/w...')
#5 /var/www/html/wp-content/plugins/woocommerce/includes/shortcodes/class-wc-shortcode-cart.php(99): wc_get_template('cart/cart.php')
#6 /var/www/html/wp-content/plugins/woocommerce/includes/class-wc-shortcodes.php(72): WC_Shortcode_Cart::output(Array)
#7 /var/www/html/wp-content/plugins/woocommerce/includes/class-wc-shortcodes.php(85): WC_Shortcodes::shortcode_w in /var/www/html/wp-content/themes/twentytwenty-child/functions.php on line 18

2022-11-16T14:55:08+00:00 CRITICAL Uncaught Error: Call to a member function get_sku() on null in /var/www/html/wp-content/themes/twentytwenty-child/functions.php:18
Stack trace:
#0 /var/www/html/wp-includes/class-wp-hook.php(310): wp_woocommerce_add_sku_under_product_title(Array)
#1 /var/www/html/wp-includes/class-wp-hook.php(332): WP_Hook->apply_filters('', Array)
#2 /var/www/html/wp-includes/plugin.php(517): WP_Hook->do_action(Array)
#3 /var/www/html/wp-content/plugins/woocommerce/templates/cart/cart.php(85): do_action('woocommerce_aft...', Array, '985487f03f72549...')
#4 /var/www/html/wp-content/plugins/woocommerce/includes/wc-core-functions.php(345): include('/var/www/html/w...')
#5 /var/www/html/wp-content/plugins/woocommerce/includes/shortcodes/class-wc-shortcode-cart.php(99): wc_get_template('cart/cart.php')
#6 /var/www/html/wp-content/plugins/woocommerce/includes/class-wc-shortcodes.php(72): WC_Shortcode_Cart::output(Array)
#7 /var/www/html/wp-content/plugins/woocommerce/includes/class-wc-shortcodes.php(85): WC_Shortcodes::shortcode_w in /var/www/html/wp-content/themes/twentytwenty-child/functions.php on line 18

2022-11-16T14:56:32+00:00 CRITICAL Uncaught Error: Call to a member function get_sku() on null in /var/www/html/wp-content/themes/twentytwenty-child/functions.php:25
Stack trace:
#0 /var/www/html/wp-includes/class-wp-hook.php(310): test_function(Array)
#1 /var/www/html/wp-includes/class-wp-hook.php(332): WP_Hook->apply_filters('', Array)
#2 /var/www/html/wp-includes/plugin.php(517): WP_Hook->do_action(Array)
#3 /var/www/html/wp-content/plugins/woocommerce/templates/cart/cart.php(85): do_action('woocommerce_aft...', Array, '985487f03f72549...')
#4 /var/www/html/wp-content/plugins/woocommerce/includes/wc-core-functions.php(345): include('/var/www/html/w...')
#5 /var/www/html/wp-content/plugins/woocommerce/includes/shortcodes/class-wc-shortcode-cart.php(99): wc_get_template('cart/cart.php')
#6 /var/www/html/wp-content/plugins/woocommerce/includes/class-wc-shortcodes.php(72): WC_Shortcode_Cart::output(Array)
#7 /var/www/html/wp-content/plugins/woocommerce/includes/class-wc-shortcodes.php(85): WC_Shortcodes::shortcode_wrapper(Array)
#8 /var/www/htm in /var/www/html/wp-content/themes/twentytwenty-child/functions.php on line 25

2022-11-16T14:58:21+00:00 CRITICAL Uncaught Error: Call to a member function get_name() on null in /var/www/html/wp-content/themes/twentytwenty-child/functions.php:25
Stack trace:
#0 /var/www/html/wp-includes/class-wp-hook.php(310): test_function(Array)
#1 /var/www/html/wp-includes/class-wp-hook.php(332): WP_Hook->apply_filters('', Array)
#2 /var/www/html/wp-includes/plugin.php(517): WP_Hook->do_action(Array)
#3 /var/www/html/wp-content/plugins/woocommerce/templates/cart/cart.php(85): do_action('woocommerce_aft...', Array, '985487f03f72549...')
#4 /var/www/html/wp-content/plugins/woocommerce/includes/wc-core-functions.php(345): include('/var/www/html/w...')
#5 /var/www/html/wp-content/plugins/woocommerce/includes/shortcodes/class-wc-shortcode-cart.php(99): wc_get_template('cart/cart.php')
#6 /var/www/html/wp-content/plugins/woocommerce/includes/class-wc-shortcodes.php(72): WC_Shortcode_Cart::output(Array)
#7 /var/www/html/wp-content/plugins/woocommerce/includes/class-wc-shortcodes.php(85): WC_Shortcodes::shortcode_wrapper(Array)
#8 /var/www/ht in /var/www/html/wp-content/themes/twentytwenty-child/functions.php on line 25

2022-11-16T14:58:36+00:00 CRITICAL Uncaught Error: Call to a member function get_name() on null in /var/www/html/wp-content/themes/twentytwenty-child/functions.php:25
Stack trace:
#0 /var/www/html/wp-includes/class-wp-hook.php(310): test_function(Array)
#1 /var/www/html/wp-includes/class-wp-hook.php(332): WP_Hook->apply_filters('', Array)
#2 /var/www/html/wp-includes/plugin.php(517): WP_Hook->do_action(Array)
#3 /var/www/html/wp-content/plugins/woocommerce/templates/cart/cart.php(85): do_action('woocommerce_aft...', Array, '985487f03f72549...')
#4 /var/www/html/wp-content/plugins/woocommerce/includes/wc-core-functions.php(345): include('/var/www/html/w...')
#5 /var/www/html/wp-content/plugins/woocommerce/includes/shortcodes/class-wc-shortcode-cart.php(99): wc_get_template('cart/cart.php')
#6 /var/www/html/wp-content/plugins/woocommerce/includes/class-wc-shortcodes.php(72): WC_Shortcode_Cart::output(Array)
#7 /var/www/html/wp-content/plugins/woocommerce/includes/class-wc-shortcodes.php(85): WC_Shortcodes::shortcode_wrapper(Array)
#8 /var/www/ht in /var/www/html/wp-content/themes/twentytwenty-child/functions.php on line 25

2022-11-16T14:59:20+00:00 CRITICAL Uncaught Error: Call to a member function get_name() on null in /var/www/html/wp-content/themes/twentytwenty-child/functions.php:26
Stack trace:
#0 /var/www/html/wp-includes/class-wp-hook.php(310): test_function(Array)
#1 /var/www/html/wp-includes/class-wp-hook.php(332): WP_Hook->apply_filters('', Array)
#2 /var/www/html/wp-includes/plugin.php(517): WP_Hook->do_action(Array)
#3 /var/www/html/wp-content/plugins/woocommerce/templates/cart/cart.php(85): do_action('woocommerce_aft...', Array, '985487f03f72549...')
#4 /var/www/html/wp-content/plugins/woocommerce/includes/wc-core-functions.php(345): include('/var/www/html/w...')
#5 /var/www/html/wp-content/plugins/woocommerce/includes/shortcodes/class-wc-shortcode-cart.php(99): wc_get_template('cart/cart.php')
#6 /var/www/html/wp-content/plugins/woocommerce/includes/class-wc-shortcodes.php(72): WC_Shortcode_Cart::output(Array)
#7 /var/www/html/wp-content/plugins/woocommerce/includes/class-wc-shortcodes.php(85): WC_Shortcodes::shortcode_wrapper(Array)
#8 /var/www/ht in /var/www/html/wp-content/themes/twentytwenty-child/functions.php on line 26

2022-11-16T15:01:07+00:00 CRITICAL Uncaught ArgumentCountError: Too few arguments to function test_function(), 1 passed in /var/www/html/wp-includes/class-wp-hook.php on line 310 and exactly 3 expected in /var/www/html/wp-content/themes/twentytwenty-child/functions.php:24
Stack trace:
#0 /var/www/html/wp-includes/class-wp-hook.php(310): test_function(Array)
#1 /var/www/html/wp-includes/class-wp-hook.php(332): WP_Hook->apply_filters('', Array)
#2 /var/www/html/wp-includes/plugin.php(517): WP_Hook->do_action(Array)
#3 /var/www/html/wp-content/plugins/woocommerce/templates/cart/cart.php(85): do_action('woocommerce_aft...', Array, '985487f03f72549...')
#4 /var/www/html/wp-content/plugins/woocommerce/includes/wc-core-functions.php(345): include('/var/www/html/w...')
#5 /var/www/html/wp-content/plugins/woocommerce/includes/shortcodes/class-wc-shortcode-cart.php(99): wc_get_template('cart/cart.php')
#6 /var/www/html/wp-content/plugins/woocommerce/includes/class-wc-shortcodes.php(72): WC_Shortcode_Cart::output(Array)
#7 /var/www/html/wp-content/plugin in /var/www/html/wp-content/themes/twentytwenty-child/functions.php on line 24

2022-11-16T15:01:28+00:00 CRITICAL Uncaught ArgumentCountError: Too few arguments to function test_function(), 1 passed in /var/www/html/wp-includes/class-wp-hook.php on line 310 and exactly 3 expected in /var/www/html/wp-content/themes/twentytwenty-child/functions.php:24
Stack trace:
#0 /var/www/html/wp-includes/class-wp-hook.php(310): test_function(Array)
#1 /var/www/html/wp-includes/class-wp-hook.php(332): WP_Hook->apply_filters('', Array)
#2 /var/www/html/wp-includes/plugin.php(517): WP_Hook->do_action(Array)
#3 /var/www/html/wp-content/plugins/woocommerce/templates/cart/cart.php(85): do_action('woocommerce_aft...', Array, '985487f03f72549...')
#4 /var/www/html/wp-content/plugins/woocommerce/includes/wc-core-functions.php(345): include('/var/www/html/w...')
#5 /var/www/html/wp-content/plugins/woocommerce/includes/shortcodes/class-wc-shortcode-cart.php(99): wc_get_template('cart/cart.php')
#6 /var/www/html/wp-content/plugins/woocommerce/includes/class-wc-shortcodes.php(72): WC_Shortcode_Cart::output(Array)
#7 /var/www/html/wp-content/plugin in /var/www/html/wp-content/themes/twentytwenty-child/functions.php on line 24

2022-11-16T15:01:31+00:00 CRITICAL Uncaught ArgumentCountError: Too few arguments to function test_function(), 1 passed in /var/www/html/wp-includes/class-wp-hook.php on line 310 and exactly 3 expected in /var/www/html/wp-content/themes/twentytwenty-child/functions.php:24
Stack trace:
#0 /var/www/html/wp-includes/class-wp-hook.php(310): test_function(Array)
#1 /var/www/html/wp-includes/class-wp-hook.php(332): WP_Hook->apply_filters('', Array)
#2 /var/www/html/wp-includes/plugin.php(517): WP_Hook->do_action(Array)
#3 /var/www/html/wp-content/plugins/woocommerce/templates/cart/cart.php(85): do_action('woocommerce_aft...', Array, '985487f03f72549...')
#4 /var/www/html/wp-content/plugins/woocommerce/includes/wc-core-functions.php(345): include('/var/www/html/w...')
#5 /var/www/html/wp-content/plugins/woocommerce/includes/shortcodes/class-wc-shortcode-cart.php(99): wc_get_template('cart/cart.php')
#6 /var/www/html/wp-content/plugins/woocommerce/includes/class-wc-shortcodes.php(72): WC_Shortcode_Cart::output(Array)
#7 /var/www/html/wp-content/plugin in /var/www/html/wp-content/themes/twentytwenty-child/functions.php on line 24

2022-11-16T15:01:32+00:00 CRITICAL Uncaught ArgumentCountError: Too few arguments to function test_function(), 1 passed in /var/www/html/wp-includes/class-wp-hook.php on line 310 and exactly 3 expected in /var/www/html/wp-content/themes/twentytwenty-child/functions.php:24
Stack trace:
#0 /var/www/html/wp-includes/class-wp-hook.php(310): test_function(Array)
#1 /var/www/html/wp-includes/class-wp-hook.php(332): WP_Hook->apply_filters('', Array)
#2 /var/www/html/wp-includes/plugin.php(517): WP_Hook->do_action(Array)
#3 /var/www/html/wp-content/plugins/woocommerce/templates/cart/cart.php(85): do_action('woocommerce_aft...', Array, '985487f03f72549...')
#4 /var/www/html/wp-content/plugins/woocommerce/includes/wc-core-functions.php(345): include('/var/www/html/w...')
#5 /var/www/html/wp-content/plugins/woocommerce/includes/shortcodes/class-wc-shortcode-cart.php(99): wc_get_template('cart/cart.php')
#6 /var/www/html/wp-content/plugins/woocommerce/includes/class-wc-shortcodes.php(72): WC_Shortcode_Cart::output(Array)
#7 /var/www/html/wp-content/plugin in /var/www/html/wp-content/themes/twentytwenty-child/functions.php on line 24

